2025-08-20 22:32:25,428 - sensus-rs - ERROR - ERROR - SCHEDULER: Scheduler started - Weekly SARIMA retrain scheduled for Sunday 02:00
2025-08-20 22:32:25,429 - sensus-rs - ERROR - ERROR - SCHEDULER: Background scheduler thread started
2025-08-20 23:22:07,148 - sensus-rs - ERROR - ERROR - SCHEDULER: Scheduler started - Weekly SARIMA retrain scheduled for Sunday 02:00
2025-08-20 23:22:07,148 - sensus-rs - ERROR - ERROR - SCHEDULER: Background scheduler thread started
2025-08-21 00:49:05,217 - sensus-rs - ERROR - ERROR - SCHEDULER: Scheduler started - Weekly SARIMA retrain scheduled for Sunday 02:00
2025-08-21 00:49:05,218 - sensus-rs - ERROR - ERROR - SCHEDULER: Background scheduler thread started
2025-08-21 01:00:46,065 - sensus-rs - ERROR - ERROR - SCHEDULER: Scheduler started - Weekly SARIMA retrain scheduled for Sunday 02:00
2025-08-21 01:00:46,066 - sensus-rs - ERROR - ERROR - SCHEDULER: Background scheduler thread started
2025-08-21 01:13:32,362 - sensus-rs - ERROR - ERROR - SCHEDULER: Scheduler started - Weekly SARIMA retrain scheduled for Sunday 02:00
2025-08-21 01:13:32,362 - sensus-rs - ERROR - ERROR - SCHEDULER: Background scheduler thread started
2025-09-19 10:47:16,307 - sensus-rs - ERROR - ERROR - SCHEDULER: Scheduler started - Weekly SARIMA retrain scheduled for Sunday 02:00
2025-09-19 10:47:16,307 - sensus-rs - ERROR - ERROR - SCHEDULER: Background scheduler thread started
2025-09-19 11:03:01,466 - sensus-rs - ERROR - ERROR - SCHEDULER: Scheduler started - Weekly SARIMA retrain scheduled for Sunday 02:00
2025-09-19 11:03:01,467 - sensus-rs - ERROR - ERROR - SCHEDULER: Background scheduler thread started
2025-09-19 11:04:05,755 - sensus-rs - ERROR - ERROR - SCHEDULER: Scheduler started - Weekly SARIMA retrain scheduled for Sunday 02:00
2025-09-19 11:04:05,755 - sensus-rs - ERROR - ERROR - SCHEDULER: Background scheduler thread started
2025-09-19 11:04:35,936 - sensus-rs - ERROR - ERROR - SCHEDULER: Scheduler started - Weekly SARIMA retrain scheduled for Sunday 02:00
2025-09-19 11:04:35,936 - sensus-rs - ERROR - ERROR - SCHEDULER: Background scheduler thread started
2025-09-19 11:05:05,764 - sensus-rs - ERROR - ERROR - SCHEDULER: Scheduler started - Weekly SARIMA retrain scheduled for Sunday 02:00
2025-09-19 11:05:05,764 - sensus-rs - ERROR - ERROR - SCHEDULER: Background scheduler thread started
2025-09-19 11:05:25,738 - sensus-rs - ERROR - ERROR - SCHEDULER: Scheduler started - Weekly SARIMA retrain scheduled for Sunday 02:00
2025-09-19 11:05:25,738 - sensus-rs - ERROR - ERROR - SCHEDULER: Background scheduler thread started
2025-09-19 11:05:48,247 - sensus-rs - ERROR - ERROR - SCHEDULER: Scheduler started - Weekly SARIMA retrain scheduled for Sunday 02:00
2025-09-19 11:05:48,247 - sensus-rs - ERROR - ERROR - SCHEDULER: Background scheduler thread started
2025-09-19 11:06:05,959 - sensus-rs - ERROR - ERROR - SCHEDULER: Scheduler started - Weekly SARIMA retrain scheduled for Sunday 02:00
2025-09-19 11:06:05,959 - sensus-rs - ERROR - ERROR - SCHEDULER: Background scheduler thread started
2025-09-19 11:06:19,760 - sensus-rs - ERROR - ERROR - SCHEDULER: Scheduler started - Weekly SARIMA retrain scheduled for Sunday 02:00
2025-09-19 11:06:19,760 - sensus-rs - ERROR - ERROR - SCHEDULER: Background scheduler thread started
2025-09-19 11:06:56,323 - sensus-rs - ERROR - ERROR - SCHEDULER: Scheduler started - Weekly SARIMA retrain scheduled for Sunday 02:00
2025-09-19 11:06:56,323 - sensus-rs - ERROR - ERROR - SCHEDULER: Background scheduler thread started
2025-09-19 11:07:27,798 - sensus-rs - ERROR - ERROR - SCHEDULER: Scheduler started - Weekly SARIMA retrain scheduled for Sunday 02:00
2025-09-19 11:07:27,798 - sensus-rs - ERROR - ERROR - SCHEDULER: Background scheduler thread started
2025-09-19 11:25:17,372 - sensus-rs - ERROR - ERROR - SCHEDULER: Scheduler started - Weekly SARIMA retrain scheduled for Sunday 02:00
2025-09-19 11:25:17,372 - sensus-rs - ERROR - ERROR - SCHEDULER: Background scheduler thread started
2025-09-19 11:48:44,892 - sensus-rs - ERROR - ERROR - SCHEDULER: Scheduler started - Weekly SARIMA retrain scheduled for Sunday 02:00
2025-09-19 11:48:44,892 - sensus-rs - ERROR - ERROR - SCHEDULER: Background scheduler thread started
2025-09-19 11:58:01,263 - sensus-rs - ERROR - ERROR - SCHEDULER: Scheduler started - Weekly SARIMA retrain scheduled for Sunday 02:00
2025-09-19 11:58:01,263 - sensus-rs - ERROR - ERROR - SCHEDULER: Background scheduler thread started
2025-09-19 11:58:38,614 - sensus-rs - ERROR - ERROR - SCHEDULER: Scheduler started - Weekly SARIMA retrain scheduled for Sunday 02:00
2025-09-19 11:58:38,614 - sensus-rs - ERROR - ERROR - SCHEDULER: Background scheduler thread started
2025-09-19 11:59:17,846 - sensus-rs - ERROR - ERROR - SCHEDULER: Scheduler started - Weekly SARIMA retrain scheduled for Sunday 02:00
2025-09-19 11:59:17,846 - sensus-rs - ERROR - ERROR - SCHEDULER: Background scheduler thread started
2025-09-19 12:00:11,120 - sensus-rs - ERROR - ERROR - SCHEDULER: Scheduler started - Weekly SARIMA retrain scheduled for Sunday 02:00
2025-09-19 12:00:11,120 - sensus-rs - ERROR - ERROR - SCHEDULER: Background scheduler thread started
2025-09-19 12:01:01,633 - sensus-rs - ERROR - ERROR - SCHEDULER: Scheduler started - Weekly SARIMA retrain scheduled for Sunday 02:00
2025-09-19 12:01:01,633 - sensus-rs - ERROR - ERROR - SCHEDULER: Background scheduler thread started
2025-09-19 12:01:39,904 - sensus-rs - ERROR - ERROR - SCHEDULER: Scheduler started - Weekly SARIMA retrain scheduled for Sunday 02:00
2025-09-19 12:01:39,904 - sensus-rs - ERROR - ERROR - SCHEDULER: Background scheduler thread started
2025-09-19 12:57:08,306 - sensus-rs - ERROR - ERROR - SCHEDULER: Scheduler started - Weekly SARIMA retrain scheduled for Sunday 02:00
2025-09-19 12:57:08,306 - sensus-rs - ERROR - ERROR - SCHEDULER: Background scheduler thread started
2025-09-19 13:02:06,111 - sensus-rs - ERROR - ERROR - SCHEDULER: Scheduler started - Weekly SARIMA retrain scheduled for Sunday 02:00
2025-09-19 13:02:06,111 - sensus-rs - ERROR - ERROR - SCHEDULER: Background scheduler thread started
2025-09-19 13:07:55,627 - passlib.handlers.bcrypt - WARNING - (trapped) error reading bcrypt version
Traceback (most recent call last):
  File "/Users/mac/Library/Python/3.9/lib/python/site-packages/passlib/handlers/bcrypt.py", line 620, in _load_backend_mixin
    version = _bcrypt.__about__.__version__
AttributeError: module 'bcrypt' has no attribute '__about__'
2025-09-19 13:35:01,436 - sensus-rs - ERROR - ERROR - SCHEDULER: Scheduler started - Weekly SARIMA retrain scheduled for Sunday 02:00
2025-09-19 13:35:01,436 - sensus-rs - ERROR - ERROR - SCHEDULER: Background scheduler thread started
2025-09-19 13:38:25,603 - passlib.handlers.bcrypt - WARNING - (trapped) error reading bcrypt version
Traceback (most recent call last):
  File "/Users/mac/Library/Python/3.9/lib/python/site-packages/passlib/handlers/bcrypt.py", line 620, in _load_backend_mixin
    version = _bcrypt.__about__.__version__
AttributeError: module 'bcrypt' has no attribute '__about__'
2025-09-19 17:33:09,108 - sensus-rs - ERROR - ERROR - SCHEDULER: Scheduler started - Weekly SARIMA retrain scheduled for Sunday 02:00
2025-09-19 17:33:09,108 - sensus-rs - ERROR - ERROR - SCHEDULER: Background scheduler thread started
2025-09-19 18:50:07,264 - sensus-rs - ERROR - ERROR - SCHEDULER: Scheduler started - Weekly SARIMA retrain scheduled for Sunday 02:00
2025-09-19 18:50:07,264 - sensus-rs - ERROR - ERROR - SCHEDULER: Background scheduler thread started
2025-09-19 18:50:12,539 - sensus-rs - ERROR - Error getting bangsal list: type object 'Bangsal' has no attribute 'query'
2025-09-19 18:50:48,070 - sensus-rs - ERROR - Error getting bangsal list: type object 'Bangsal' has no attribute 'query'
2025-09-19 18:51:04,764 - sensus-rs - ERROR - Error getting bangsal list: type object 'Bangsal' has no attribute 'query'
2025-09-19 18:51:04,766 - sensus-rs - ERROR - Error getting bangsal list: type object 'Bangsal' has no attribute 'query'
2025-09-19 18:52:18,368 - sensus-rs - ERROR - ERROR - SCHEDULER: Scheduler started - Weekly SARIMA retrain scheduled for Sunday 02:00
2025-09-19 18:52:18,368 - sensus-rs - ERROR - ERROR - SCHEDULER: Background scheduler thread started
2025-09-19 18:53:48,140 - sensus-rs - ERROR - ERROR - SCHEDULER: Scheduler started - Weekly SARIMA retrain scheduled for Sunday 02:00
2025-09-19 18:53:48,140 - sensus-rs - ERROR - ERROR - SCHEDULER: Background scheduler thread started
